[34m2023-04-25 10:39:02 [INFO] [0mStarting cache...
[34m2023-04-25 10:39:02 [INFO] [0mListening on 127.0.0.1:2392
[34m2023-04-25 10:39:02 [INFO] [0mWaiting for connection...
[34m2023-04-25 10:40:34 [INFO] [0mStarting cache...
[34m2023-04-25 10:40:34 [INFO] [0mListening on 127.0.0.1:8080
[34m2023-04-25 10:40:34 [INFO] [0mWaiting for connection...
[34m2023-04-25 11:23:46 [INFO] [0mStarting cache...
[34m2023-04-25 11:23:46 [INFO] [0mListening on 127.0.0.1:2392
[34m2023-04-25 11:23:46 [INFO] [0mWaiting for connection...
[34m2023-04-25 11:23:53 [INFO] [0mStarting cache...
[34m2023-04-25 11:23:53 [INFO] [0mListening on 127.0.0.1:2392
[34m2023-04-25 11:23:53 [INFO] [0mWaiting for connection...
[34m2023-04-25 11:24:55 [INFO] [0mStarting cache...
[34m2023-04-25 11:24:55 [INFO] [0mListening on 127.0.0.1:2392
[34m2023-04-25 11:24:55 [INFO] [0mWaiting for connection...
[34m2023-04-25 11:26:45 [INFO] [0mStarting cache...
[34m2023-04-25 11:26:45 [INFO] [0mListening on localhost:2392
[34m2023-04-25 11:26:45 [INFO] [0mWaiting for connection...
[34m2023-04-25 11:28:27 [INFO] [0mStarting cache...
[34m2023-04-25 11:28:27 [INFO] [0mListening on localhost:2392
[34m2023-04-25 11:28:27 [INFO] [0mWaiting for connection...
[34m2023-04-25 11:30:24 [INFO] [0mStarting cache...
[34m2023-04-25 11:30:24 [INFO] [0mListening on localhost:2392
[34m2023-04-25 11:30:24 [INFO] [0mWaiting for connection...
[34m2023-04-25 11:33:30 [INFO] [0mStarting cache...
[34m2023-04-25 11:33:30 [INFO] [0mListening on localhost:2392
[34m2023-04-25 11:33:30 [INFO] [0mWaiting for connection...
[34m2023-04-25 11:34:00 [INFO] [0mStarting cache...
[34m2023-04-25 11:34:00 [INFO] [0mListening on 127.0.0.1:2392
[34m2023-04-25 11:34:00 [INFO] [0mWaiting for connection...
[34m2023-04-25 11:36:02 [INFO] [0mStarting cache...
[34m2023-04-25 11:36:02 [INFO] [0mListening on 127.0.0.1:2392
[34m2023-04-25 11:36:02 [INFO] [0mWaiting for connection...
[34m2023-04-25 11:38:55 [INFO] [0mStarting cache...
[34m2023-04-25 11:38:55 [INFO] [0mListening on 127.0.0.1:2392
[34m2023-04-25 11:38:55 [INFO] [0mWaiting for connection...
[34m2023-04-25 11:41:23 [INFO] [0mFlags:
[34m2023-04-25 11:41:23 [INFO] [0m  Address: 127.0.0.1
[34m2023-04-25 11:41:23 [INFO] [0m  Port: 2392
[34m2023-04-25 11:41:23 [INFO] [0m  CacheDir: /netcache/cache
[34m2023-04-25 11:41:23 [INFO] [0m  Timeout: 300
[34m2023-04-25 11:41:23 [INFO] [0m  LogLevel: DEBUG
[34m2023-04-25 11:41:23 [INFO] [0m  LogFile: /netcache/log/netcache.log
[34m2023-04-25 11:41:23 [INFO] [0m  Memcache: false

[34m2023-04-25 11:41:23 [INFO] [0mStarting cache...
[34m2023-04-25 11:41:23 [INFO] [0mListening on 127.0.0.1:2392
[34m2023-04-25 11:41:23 [INFO] [0mWaiting for connection...
[34m2023-04-25 11:42:23 [INFO] [0mFlags:
[34m2023-04-25 11:42:23 [INFO] [0m  Address: 127.0.0.1
[34m2023-04-25 11:42:23 [INFO] [0m  Port: 2392
[34m2023-04-25 11:42:23 [INFO] [0m  CacheDir: /netcache/cache
[34m2023-04-25 11:42:23 [INFO] [0m  Timeout: 300
[34m2023-04-25 11:42:23 [INFO] [0m  LogLevel: DEBUG
[34m2023-04-25 11:42:23 [INFO] [0m  LogFile: /netcache/log/netcache.log
[34m2023-04-25 11:42:23 [INFO] [0m  Memcache: false

[34m2023-04-25 11:42:23 [INFO] [0mStarting cache...
[34m2023-04-25 11:42:23 [INFO] [0mListening on 127.0.0.1:2392
[34m2023-04-25 11:42:23 [INFO] [0mWaiting for connection...
[34m2023-04-25 11:43:00 [INFO] [0mFlags:
[34m2023-04-25 11:43:00 [INFO] [0m  Address: 127.0.0.1
[34m2023-04-25 11:43:00 [INFO] [0m  Port: 2392
[34m2023-04-25 11:43:00 [INFO] [0m  CacheDir: /netcache/cache
[34m2023-04-25 11:43:00 [INFO] [0m  Timeout: 300
[34m2023-04-25 11:43:00 [INFO] [0m  LogLevel: DEBUG
[34m2023-04-25 11:43:00 [INFO] [0m  LogFile: /netcache/log/netcache.log
[34m2023-04-25 11:43:00 [INFO] [0m  Memcache: false

[34m2023-04-25 11:43:00 [INFO] [0mStarting cache...
[34m2023-04-25 11:43:00 [INFO] [0mListening on 127.0.0.1:2392
[34m2023-04-25 11:43:00 [INFO] [0mWaiting for connection...
[34m2023-04-25 11:43:41 [INFO] [0mFlags:
[34m2023-04-25 11:43:41 [INFO] [0m  Address: 127.0.0.1
[34m2023-04-25 11:43:41 [INFO] [0m  Port: 2392
[34m2023-04-25 11:43:41 [INFO] [0m  CacheDir: /netcache/cache
[34m2023-04-25 11:43:41 [INFO] [0m  Timeout: 300
[34m2023-04-25 11:43:41 [INFO] [0m  LogLevel: DEBUG
[34m2023-04-25 11:43:41 [INFO] [0m  LogFile: /netcache/log/netcache.log
[34m2023-04-25 11:43:41 [INFO] [0m  Memcache: false

[34m2023-04-25 11:43:41 [INFO] [0mStarting cache...
[34m2023-04-25 11:43:41 [INFO] [0mListening on 127.0.0.1:2392
[34m2023-04-25 11:43:41 [INFO] [0mWaiting for connection...
[34m2023-04-25 11:47:37 [INFO] [0mFlags:
[34m2023-04-25 11:47:37 [INFO] [0m  Address: 127.0.0.1
[34m2023-04-25 11:47:37 [INFO] [0m  Port: 2392
[34m2023-04-25 11:47:37 [INFO] [0m  CacheDir: /netcache/cache
[34m2023-04-25 11:47:37 [INFO] [0m  Timeout: 300
[34m2023-04-25 11:47:37 [INFO] [0m  LogLevel: DEBUG
[34m2023-04-25 11:47:37 [INFO] [0m  LogFile: /netcache/log/netcache.log
[34m2023-04-25 11:47:37 [INFO] [0m  Memcache: false

[34m2023-04-25 11:47:37 [INFO] [0mStarting cache...
[34m2023-04-25 11:47:37 [INFO] [0mListening on 127.0.0.1:2392
[34m2023-04-25 11:47:37 [INFO] [0mWaiting for connection...
